<?xml version="1.0" encoding="UTF-8"?>
<!-- Generated by org.testng.reporters.JUnitReportReporter -->
<testsuite hostname="DESKTOP-IA6TNQP" failures="0" tests="1" name="mavenp_proj_basic.examplescript" time="8.416" errors="0" timestamp="2023-04-13T14:27:10 IST" skipped="0">
  <testcase classname="mavenp_proj_basic.examplescript" name="script" time="8.416"/>
  <system-out/>
</testsuite> <!-- mavenp_proj_basic.examplescript -->
